[11:29:29] [ServerMain/INFO]: Building unoptimized datafixer
[11:29:32] [ServerMain/INFO]: Environment: authHost='https://authserver.mojang.com', accountsHost='https://api.mojang.com', sessionHost='https://sessionserver.mojang.com', servicesHost='https://api.minecraftservices.com', name='PROD'
[11:29:37] [ServerMain/INFO]: Loaded 7 recipes
[11:29:41] [Server thread/INFO]: Starting minecraft server version 1.19.2
[11:29:41] [Server thread/WARN]: ****************************
[11:29:41] [Server thread/WARN]: YOU ARE RUNNING THIS SERVER AS AN ADMINISTRATIVE OR ROOT USER. THIS IS NOT ADVISED.
[11:29:41] [Server thread/WARN]: YOU ARE OPENING YOURSELF UP TO POTENTIAL RISKS WHEN DOING THIS.
[11:29:41] [Server thread/WARN]: FOR MORE INFORMATION, SEE https://madelinemiller.dev/blog/root-minecraft-server/
[11:29:41] [Server thread/WARN]: ****************************
[11:29:41] [Server thread/INFO]: Loading properties
[11:29:41] [Server thread/INFO]: This server is running Paper version git-Paper-302 (MC: 1.19.2) (Implementing API version 1.19.2-R0.1-SNAPSHOT) (Git: 425baed)
[11:29:41] [Server thread/INFO]: Server Ping Player Sample Count: 12
[11:29:41] [Server thread/INFO]: Using 4 threads for Netty based IO
[11:29:42] [Server thread/INFO]: [ChunkTaskScheduler] Chunk system is using 1 I/O threads, 1 worker threads, and gen parallelism of 1 threads
[11:29:42] [Server thread/INFO]: Default game type: SURVIVAL
[11:29:42] [Server thread/INFO]: Generating keypair
[11:29:43] [Server thread/INFO]: Starting Minecraft server on *:25565
[11:29:43] [Server thread/INFO]: Using default channel type
[11:29:43] [Server thread/INFO]: Paper: Using Java compression from Velocity.
[11:29:43] [Server thread/INFO]: Paper: Using Java cipher from Velocity.
[11:29:43] [Server thread/ERROR]: Could not load 'plugins\myitem.jar' in folder 'plugins'
org.bukkit.plugin.UnknownDependencyException: Unknown/missing dependency plugins: [AgarthaLib]. Please download and install these plugins to run 'MyItems'.
	at org.bukkit.plugin.SimplePluginManager.loadPlugins(SimplePluginManager.java:287) ~[paper-api-1.19.2-R0.1-SNAPSHOT.jar:?]
	at org.bukkit.craftbukkit.v1_19_R1.CraftServer.loadPlugins(CraftServer.java:423) ~[paper-1.19.2.jar:git-Paper-302]
	at net.minecraft.server.dedicated.DedicatedServer.initServer(DedicatedServer.java:278) ~[paper-1.19.2.jar:git-Paper-302]
	at net.minecraft.server.MinecraftServer.runServer(MinecraftServer.java:1100) ~[paper-1.19.2.jar:git-Paper-302]
	at net.minecraft.server.MinecraftServer.lambda$spin$0(MinecraftServer.java:305) ~[paper-1.19.2.jar:git-Paper-302]
	at java.lang.Thread.run(Thread.java:1589) ~[?:?]
[11:29:44] [Server thread/INFO]: [ApiaEnvoy] Loading ApiaEnvoy v3.0.27.1-BETA
[11:29:44] [Server thread/INFO]: Server permissions file permissions.yml is empty, ignoring it
[11:29:44] [Server thread/WARN]: **** SERVER IS RUNNING IN OFFLINE/INSECURE MODE!
[11:29:44] [Server thread/WARN]: The server will make no attempt to authenticate usernames. Beware.
[11:29:44] [Server thread/WARN]: While this makes the game possible to play without internet access, it also opens up the ability for hackers to connect with any username they choose.
[11:29:44] [Server thread/WARN]: To change this, set "online-mode" to "true" in the server.properties file.
[11:29:44] [Server thread/INFO]: Preparing level "world"
[11:29:45] [Server thread/INFO]: Preparing start region for dimension minecraft:overworld
[11:29:46] [Server thread/INFO]: Time elapsed: 369 ms
[11:29:46] [Server thread/INFO]: Preparing start region for dimension minecraft:the_nether
[11:29:46] [Server thread/INFO]: Time elapsed: 609 ms
[11:29:46] [Server thread/INFO]: Preparing start region for dimension minecraft:the_end
[11:29:46] [Server thread/INFO]: Time elapsed: 57 ms
[11:29:46] [Server thread/INFO]: [ApiaEnvoy] Enabling ApiaEnvoy v3.0.27.1-BETA
[11:29:49] [Server thread/INFO]: Running delayed init tasks
[11:29:49] [Server thread/INFO]: Done (7.830s)! For help, type "help"
[11:29:49] [Server thread/INFO]: Timings Reset
[11:29:52] [Craft Scheduler Thread - 3 - ApiaEnvoy/INFO]: [ApiaEnvoy] Hooked to MiniMessage (Adventure API)! For more info: https://docs.adventure.kyori.net/minimessage#the-components
[11:29:52] [Craft Scheduler Thread - 3 - ApiaEnvoy/ERROR]: [ApiaEnvoy] No hologram hook found.
[11:29:54] [Craft Scheduler Thread - 3 - ApiaEnvoy/INFO]: [ApiaEnvoy] ApiaEnvoy v3.0.27.1-BETA by bertek41 enabled in 5093ms!
[11:29:55] [Craft Scheduler Thread - 3 - ApiaEnvoy/INFO]: [ApiaEnvoy] An update is available. New version: 3.0.28 current version: 3.0.27.1-BETA
[11:30:08] [User Authenticator #0/INFO]: UUID of player phantanduy is 686742f0-a951-3bfb-baaf-469af7de6647
[11:30:08] [Server thread/INFO]: phantanduy joined the game
[11:30:08] [Server thread/INFO]: phantanduy[/192.168.1.4:59098] logged in with entity id 7 at ([world]141.46439360571517, -269.91802226227725, 193.18815879496964)
[11:30:53] [Server thread/INFO]: Gave 2 [Bucket] to phantanduy
[11:31:58] [Server thread/WARN]: Can't keep up! Is the server overloaded? Running 5324ms or 106 ticks behind
[11:32:22] [User Authenticator #1/INFO]: UUID of player phantantri is ba76a4aa-989a-3c59-9237-ef1e60d4d5ec
[11:32:23] [Server thread/INFO]: phantantri joined the game
[11:32:23] [Server thread/INFO]: phantantri[/127.0.0.1:49530] logged in with entity id 31 at ([world]146.46482166020775, 60.0, 194.48267170474782)
[11:32:48] [Server thread/WARN]: Can't keep up! Is the server overloaded? Running 20710ms or 414 ticks behind
[11:37:18] [Server thread/INFO]: phantantri fell out of the world
[11:38:15] [Server thread/INFO]: phantantri has made the advancement [A Seedy Place]
[11:43:30] [Async Chat Thread - #0/INFO]: [Not Secure] <phantantri> duy ngu nhu con cu
[11:43:52] [Async Chat Thread - #0/INFO]: [Not Secure] <phantanduy> tri ngu
[11:45:17] [Craft Scheduler Thread - 191 - ApiaEnvoy/WARN]: [ApiaEnvoy] No world found with name: world_2
[11:47:39] [Server thread/INFO]: Gamerule doMobSpawning is currently set to: true
[11:51:17] [Server thread/INFO]: Stopping the server
[11:51:17] [Server thread/INFO]: Stopping server
[11:51:17] [Server thread/INFO]: [ApiaEnvoy] Disabling ApiaEnvoy v3.0.27.1-BETA
[11:51:17] [Server thread/INFO]: [ApiaEnvoy] ApiaEnvoy v3.0.27.1-BETA by bertek41 disabled in 105ms!
[11:51:17] [Server thread/INFO]: Saving players
[11:51:17] [Server thread/INFO]: phantanduy lost connection: Server closed
[11:51:17] [Server thread/INFO]: phantanduy left the game
[11:51:17] [Server thread/INFO]: phantantri lost connection: Server closed
[11:51:17] [Server thread/INFO]: phantantri left the game
[11:51:17] [Server thread/INFO]: Saving worlds
[11:51:17] [Server thread/INFO]: Saving chunks for level 'ServerLevel[world]'/minecraft:overworld
[11:51:17] [Server thread/INFO]: [ChunkHolderManager] Waiting 60s for chunk system to halt for world 'world'
[11:51:17] [Server thread/INFO]: [ChunkHolderManager] Halted chunk system for world 'world'
[11:51:17] [Server thread/INFO]: [ChunkHolderManager] Saving all chunkholders for world 'world'
[11:51:19] [Server thread/INFO]: [ChunkHolderManager] Saved 233 block chunks, 45 entity chunks, 0 poi chunks in world 'world' in 1.17s
[11:51:19] [Server thread/INFO]: ThreadedAnvilChunkStorage (world): All chunks are saved
[11:51:19] [Server thread/INFO]: Saving chunks for level 'ServerLevel[world_nether]'/minecraft:the_nether
[11:51:19] [Server thread/INFO]: [ChunkHolderManager] Waiting 60s for chunk system to halt for world 'world_nether'
[11:51:19] [Server thread/INFO]: [ChunkHolderManager] Halted chunk system for world 'world_nether'
[11:51:19] [Server thread/INFO]: [ChunkHolderManager] Saving all chunkholders for world 'world_nether'
[11:51:19] [Server thread/INFO]: [ChunkHolderManager] Saved 0 block chunks, 0 entity chunks, 0 poi chunks in world 'world_nether' in 0.00s
[11:51:19] [Server thread/INFO]: ThreadedAnvilChunkStorage (DIM-1): All chunks are saved
[11:51:19] [Server thread/INFO]: Saving chunks for level 'ServerLevel[world_the_end]'/minecraft:the_end
[11:51:19] [Server thread/INFO]: [ChunkHolderManager] Waiting 60s for chunk system to halt for world 'world_the_end'
[11:51:19] [Server thread/INFO]: [ChunkHolderManager] Halted chunk system for world 'world_the_end'
[11:51:19] [Server thread/INFO]: [ChunkHolderManager] Saving all chunkholders for world 'world_the_end'
[11:51:19] [Server thread/INFO]: [ChunkHolderManager] Saved 0 block chunks, 4 entity chunks, 0 poi chunks in world 'world_the_end' in 0.14s
[11:51:19] [Server thread/INFO]: ThreadedAnvilChunkStorage (DIM1): All chunks are saved
[11:51:19] [Server thread/INFO]: ThreadedAnvilChunkStorage: All dimensions are saved
[11:51:19] [Server thread/INFO]: Flushing Chunk IO
[11:51:19] [Server thread/INFO]: Closing Thread Pool
[11:51:19] [Server thread/INFO]: Closing Server
